\BOOKMARK [0][]{chapter.1}{1 外内核背景}{}% 1
\BOOKMARK [1][]{section.1.1}{1.1 外内核的起源}{chapter.1}% 2
\BOOKMARK [2][]{subsection.1.1.1}{1.1.1 小小节标题}{section.1.1}% 3
\BOOKMARK [1][]{section.1.2}{1.2 外内核的特点}{chapter.1}% 4
\BOOKMARK [1][]{section.1.3}{1.3 外内核研究与发展环境分析}{chapter.1}% 5
\BOOKMARK [0][]{chapter.2}{2 绪论}{}% 6
\BOOKMARK [0][]{chapter.3}{3 JOS架构与设计}{}% 7
\BOOKMARK [1][]{section.3.1}{3.1 JOS整体架构}{chapter.3}% 8
\BOOKMARK [2][]{subsection.3.1.1}{3.1.1 外内核架构}{section.3.1}% 9
\BOOKMARK [2][]{subsection.3.1.2}{3.1.2 整体架构视图}{section.3.1}% 10
\BOOKMARK [1][]{section.3.2}{3.2 系统初始化设计与实现}{chapter.3}% 11
\BOOKMARK [1][]{section.3.3}{3.3 内存管理设计与实现}{chapter.3}% 12
\BOOKMARK [2][]{subsection.3.3.1}{3.3.1 物理内存探测}{section.3.3}% 13
\BOOKMARK [2][]{subsection.3.3.2}{3.3.2 三种地址——虚拟地址，线性地址，物理地址}{section.3.3}% 14
\BOOKMARK [2][]{subsection.3.3.3}{3.3.3 物理页面管理}{section.3.3}% 15
\BOOKMARK [2][]{subsection.3.3.4}{3.3.4 虚拟内存管理}{section.3.3}% 16
\BOOKMARK [1][]{section.3.4}{3.4 进程管理系统设计与实现}{chapter.3}% 17
\BOOKMARK [2][]{subsection.3.4.1}{3.4.1 进程管理结构体}{section.3.4}% 18
\BOOKMARK [2][]{subsection.3.4.2}{3.4.2 进程创建}{section.3.4}% 19
\BOOKMARK [2][]{subsection.3.4.3}{3.4.3 进程调度}{section.3.4}% 20
\BOOKMARK [2][]{subsection.3.4.4}{3.4.4 进程销毁}{section.3.4}% 21
\BOOKMARK [2][]{subsection.3.4.5}{3.4.5 中断与异常}{section.3.4}% 22
\BOOKMARK [2][]{subsection.3.4.6}{3.4.6 上下文切换}{section.3.4}% 23
\BOOKMARK [2][]{subsection.3.4.7}{3.4.7 基于异常处理的操作系统原语}{section.3.4}% 24
\BOOKMARK [1][]{section.3.5}{3.5 多任务设计与实现}{chapter.3}% 25
\BOOKMARK [1][]{section.3.6}{3.6 文件系统设计与实现}{chapter.3}% 26
\BOOKMARK [1][]{section.3.7}{3.7 JOS技术创新点}{chapter.3}% 27
\BOOKMARK [2][]{subsection.3.7.1}{3.7.1 系统初始化}{section.3.7}% 28
\BOOKMARK [2][]{subsection.3.7.2}{3.7.2 内存管理}{section.3.7}% 29
\BOOKMARK [2][]{subsection.3.7.3}{3.7.3 用户环境}{section.3.7}% 30
\BOOKMARK [2][]{subsection.3.7.4}{3.7.4 多任务}{section.3.7}% 31
\BOOKMARK [2][]{subsection.3.7.5}{3.7.5 文件系统}{section.3.7}% 32
\BOOKMARK [2][]{subsection.3.7.6}{3.7.6 网络驱动}{section.3.7}% 33
\BOOKMARK [1][]{section.3.8}{3.8 JOS研究与发展}{chapter.3}% 34
\BOOKMARK [2][]{subsection.3.8.1}{3.8.1 MIT研究进展及技术贡献}{section.3.8}% 35
\BOOKMARK [2][]{subsection.3.8.2}{3.8.2 其他相关研究}{section.3.8}% 36
\BOOKMARK [0][]{subsection.3.8.2}{参考文献}{}% 37
\BOOKMARK [0][]{appendix.A}{A 附录标题1}{}% 38
\BOOKMARK [1][]{section.A.1}{A.1 附录1.1}{appendix.A}% 39
